<?xml version="1.0" encoding="UTF-8"?>
<!-- Generated by org.testng.reporters.JUnitReportReporter -->
<testsuite hostname="COG-WIN-MAC03" failures="0" tests="1" name="testcases.StorageTest" time="41.943" errors="0" timestamp="2023-07-19T03:11:05 IST" skipped="0">
  <testcase classname="testcases.StorageTest" name="allocateSpaceOnManageStoragePage" time="41.943"/>
  <system-out/>
</testsuite> <!-- testcases.StorageTest -->
