<?xml version="1.0" encoding="UTF-8"?>
<!-- Generated by org.testng.reporters.JUnitReportReporter -->
<testsuite hostname="COG-WIN-MAC03" failures="0" tests="8" name="testcases.RuleEngineTest" time="530.679" errors="0" timestamp="2023-07-19T03:11:05 IST" skipped="0">
  <testcase classname="testcases.RuleEngineTest" name="ruleEngineValidationCheck" time="52.914"/>
  <system-out/>
  <testcase classname="testcases.RuleEngineTest" name="addNewRule" time="104.283"/>
  <system-out/>
  <testcase classname="testcases.RuleEngineTest" name="ValidateSerachFunctionalityWithRuleName" time="47.185"/>
  <system-out/>
  <testcase classname="testcases.RuleEngineTest" name="ValidateSerachFunctionalityWithModuleName" time="54.977"/>
  <system-out/>
  <testcase classname="testcases.RuleEngineTest" name="ValidatetheFunctionalityOfRestButton" time="61.554"/>
  <system-out/>
  <testcase classname="testcases.RuleEngineTest" name="ValidatetheFunctionalityOfStatusButton" time="62.819"/>
  <system-out/>
  <testcase classname="testcases.RuleEngineTest" name="ValidatetheFunctionalityOfSorting" time="75.709"/>
  <system-out/>
  <testcase classname="testcases.RuleEngineTest" name="ValidateDeleteButtonFunctionality" time="71.238"/>
  <system-out/>
</testsuite> <!-- testcases.RuleEngineTest -->
