<?xml version="1.0" encoding="UTF-8"?>
<!-- Generated by org.testng.reporters.JUnitReportReporter -->
<testsuite hostname="COG-WIN-MAC03" failures="0" tests="5" name="testcases.AddReportTest" time="354.353" errors="0" timestamp="2023-07-19T03:11:05 IST" skipped="0">
  <testcase classname="testcases.AddReportTest" name="addReportValidationCheck" time="43.616"/>
  <system-out/>
  <testcase classname="testcases.AddReportTest" name="addReport" time="137.562"/>
  <system-out/>
  <testcase classname="testcases.AddReportTest" name="validateReport" time="45.292"/>
  <system-out/>
  <testcase classname="testcases.AddReportTest" name="validationCheckOfUpdateReport" time="65.847"/>
  <system-out/>
  <testcase classname="testcases.AddReportTest" name="validatefunctionalityOfDeleteButton" time="62.036"/>
  <system-out/>
</testsuite> <!-- testcases.AddReportTest -->
