<?xml version="1.0" encoding="UTF-8"?>
<!-- Generated by org.testng.reporters.JUnitReportReporter -->
<testsuite hostname="COG-WIN-MAC03" failures="0" tests="14" name="testcases.PassportInformationTest" time="1159.971" errors="0" timestamp="2023-07-19T03:11:06 IST" skipped="0">
  <testcase classname="testcases.PassportInformationTest" name="addPassportInformationValidationCheck" time="42.277"/>
  <system-out/>
  <testcase classname="testcases.PassportInformationTest" name="addPassportInformation" time="164.231"/>
  <system-out/>
  <testcase classname="testcases.PassportInformationTest" name="validatePassportUserName" time="50.019"/>
  <system-out/>
  <testcase classname="testcases.PassportInformationTest" name="validatePassportUserNameWithStatusSearchFilter" time="61.604"/>
  <system-out/>
  <testcase classname="testcases.PassportInformationTest" name="validateUpdateFunctionality" time="61.805"/>
  <system-out/>
  <testcase classname="testcases.PassportInformationTest" name="validateViewPassportButtonFunctionality" time="63.125"/>
  <system-out/>
  <testcase classname="testcases.PassportInformationTest" name="addVisaDetailsValidationCheck" time="75.509"/>
  <system-out/>
  <testcase classname="testcases.PassportInformationTest" name="addVisaDetails" time="99.690"/>
  <system-out/>
  <testcase classname="testcases.PassportInformationTest" name="validateVisaNumber" time="65.546"/>
  <system-out/>
  <testcase classname="testcases.PassportInformationTest" name="validateVisaNumberWithStatusSearchFilter" time="73.532"/>
  <system-out/>
  <testcase classname="testcases.PassportInformationTest" name="validateUpdateFunctionalityOfVisa" time="84.261"/>
  <system-out/>
  <testcase classname="testcases.PassportInformationTest" name="validateDeleteFunctionalityOfVisa" time="96.122"/>
  <system-out/>
  <testcase classname="testcases.PassportInformationTest" name="verifySortingFunctionality" time="157.620"/>
  <system-out/>
  <testcase classname="testcases.PassportInformationTest" name="validateDeleteFunctionalityOfPassport" time="64.630"/>
  <system-out/>
</testsuite> <!-- testcases.PassportInformationTest -->
