<?xml version="1.0" encoding="UTF-8"?>
<!-- Generated by org.testng.reporters.JUnitReportReporter -->
<testsuite hostname="COG-WIN-MAC03" failures="0" tests="4" name="testcases.WorkingDayTest" time="349.544" errors="0" timestamp="2023-07-19T03:11:06 IST" skipped="0">
  <testcase classname="testcases.WorkingDayTest" name="addWorkingDayValidationCheck" time="52.027"/>
  <system-out/>
  <testcase classname="testcases.WorkingDayTest" name="addWorkingDayForCompanyHolidays" time="195.449"/>
  <system-out/>
  <testcase classname="testcases.WorkingDayTest" name="ValidateEditFunctionality" time="53.913"/>
  <system-out/>
  <testcase classname="testcases.WorkingDayTest" name="ValidateDeleteFunctionality" time="48.155"/>
  <system-out/>
</testsuite> <!-- testcases.WorkingDayTest -->
