<?xml version="1.0" encoding="UTF-8"?>
<!-- Generated by org.testng.reporters.JUnitReportReporter -->
<testsuite hostname="COG-WIN-MAC03" failures="0" tests="1" name="testcases.ProvisionalRightsTest" time="52.525" errors="0" timestamp="2023-07-18T02:54:24 IST" skipped="0">
  <testcase classname="testcases.ProvisionalRightsTest" name="ValidateDeleteFunctionality" time="52.525"/>
  <system-out/>
</testsuite> <!-- testcases.ProvisionalRightsTest -->
