<?xml version="1.0" encoding="UTF-8"?>
<!-- Generated by org.testng.reporters.JUnitReportReporter -->
<testsuite hostname="COG-WIN-MAC03" failures="0" tests="2" name="testcases.OrganizationChartTest" time="98.685" errors="0" timestamp="2023-07-19T03:11:05 IST" skipped="0">
  <testcase classname="testcases.OrganizationChartTest" name="validationCheckForChangeRootMember" time="40.973"/>
  <system-out/>
  <testcase classname="testcases.OrganizationChartTest" name="validateFunctionalityOfUserGuideAndChangeRootMember" time="57.712"/>
  <system-out/>
</testsuite> <!-- testcases.OrganizationChartTest -->
