<?xml version="1.0" encoding="UTF-8"?>
<!-- Generated by org.testng.reporters.JUnitReportReporter -->
<testsuite hostname="COG-WIN-MAC03" failures="0" tests="11" name="testcases.ManageTagsTest" time="841.174" errors="0" timestamp="2023-07-19T03:11:05 IST" skipped="0">
  <testcase classname="testcases.ManageTagsTest" name="ManageTagsValidationCheck" time="142.238"/>
  <system-out/>
  <testcase classname="testcases.ManageTagsTest" name="addNewTagwithInactiveStatus" time="63.293"/>
  <system-out/>
  <testcase classname="testcases.ManageTagsTest" name="validateClearAllSearchAndDeleteFunctionality" time="82.824"/>
  <system-out/>
  <testcase classname="testcases.ManageTagsTest" name="addNewTagwithActiveStatus" time="62.692"/>
  <system-out/>
  <testcase classname="testcases.ManageTagsTest" name="validateInActiveButtonFunctionality" time="64.790"/>
  <system-out/>
  <testcase classname="testcases.ManageTagsTest" name="validateActiveButtonFunctionality" time="77.615"/>
  <system-out/>
  <testcase classname="testcases.ManageTagsTest" name="validateDrpoDownInActiveFunctionality" time="67.383"/>
  <system-out/>
  <testcase classname="testcases.ManageTagsTest" name="validateDrpoDownActiveFunctionality" time="65.313"/>
  <system-out/>
  <testcase classname="testcases.ManageTagsTest" name="validateUpdateFunctionality" time="68.727"/>
  <system-out/>
  <testcase classname="testcases.ManageTagsTest" name="verifySortingFunctionality" time="62.809"/>
  <system-out/>
  <testcase classname="testcases.ManageTagsTest" name="validateSearchAndDeleteFunctionalityForActiveStatus" time="83.490"/>
  <system-out/>
</testsuite> <!-- testcases.ManageTagsTest -->
