<?xml version="1.0" encoding="UTF-8"?>
<!-- Generated by org.testng.reporters.JUnitReportReporter -->
<testsuite hostname="COG-WIN-MAC03" failures="0" tests="2" name="testcases.WorkingWeekTest" time="135.770" errors="0" timestamp="2023-07-19T03:11:05 IST" skipped="0">
  <testcase classname="testcases.WorkingWeekTest" name="validateFunctionalityForSetUpForTheWorkingWeekAndSaveButton" time="80.595"/>
  <system-out/>
  <testcase classname="testcases.WorkingWeekTest" name="validateFunctionalityOfResetButton" time="55.175"/>
  <system-out/>
</testsuite> <!-- testcases.WorkingWeekTest -->
