<?xml version="1.0" encoding="UTF-8"?>
<!-- Generated by org.testng.reporters.JUnitReportReporter -->
<testsuite hostname="COG-WIN-MAC03" failures="0" tests="7" name="testcases.AutoResponderTest" time="419.564" errors="0" timestamp="2023-07-19T03:11:06 IST" skipped="0">
  <testcase classname="testcases.AutoResponderTest" name="autoResponderValidationCheck" time="58.559"/>
  <system-out/>
  <testcase classname="testcases.AutoResponderTest" name="addAutoResponder" time="59.409"/>
  <system-out/>
  <testcase classname="testcases.AutoResponderTest" name="ValidateSerachFunctionalityWithTitleName" time="50.860"/>
  <system-out/>
  <testcase classname="testcases.AutoResponderTest" name="ValidateSerachFunctionalityWithStatus" time="53.708"/>
  <system-out/>
  <testcase classname="testcases.AutoResponderTest" name="ValidateUpdateFunctionality" time="67.327"/>
  <system-out/>
  <testcase classname="testcases.AutoResponderTest" name="verifySortingFunctionality" time="69.312"/>
  <system-out/>
  <testcase classname="testcases.AutoResponderTest" name="ValidateDeleteFunctionality" time="60.389"/>
  <system-out/>
</testsuite> <!-- testcases.AutoResponderTest -->
