<?xml version="1.0" encoding="UTF-8"?>
<!-- Generated by org.testng.reporters.JUnitReportReporter -->
<testsuite hostname="COG-WIN-MAC03" failures="0" tests="1" name="testcases.ManageLayoutTest" time="70.243" errors="0" timestamp="2023-07-19T03:11:06 IST" skipped="0">
  <testcase classname="testcases.ManageLayoutTest" name="ValidateSearchAndResetButtonFunctionality" time="70.243"/>
  <system-out/>
</testsuite> <!-- testcases.ManageLayoutTest -->
